<?xml version="1.0" encoding="UTF-8"?>
<testsuite name="eu.ubitech.sma.dao.GroupTest" time="0" tests="2" errors="0" skipped="2" failures="0">
  <properties>
[...]
</properties>
  <testcase name="groupAddTest" classname="eu.ubitech.sma.dao.GroupTest" time="0">
    <skipped/>
    <system-out><![CDATA[12:25:30.177 [main] DEBUG org.springframework.test.context.junit4.SpringJUnit4ClassRunner - SpringJUnit4ClassRunner constructor called with [class eu.ubitech.sma.dao.GroupTest]
12:25:30.177 [main] DEBUG org.springframework.test.context.BootstrapUtils - Instantiating CacheAwareContextLoaderDelegate from class [org.springframework.test.context.cache.DefaultCacheAwareContextLoaderDelegate]
12:25:30.177 [main] DEBUG org.springframework.test.context.BootstrapUtils - Instantiating BootstrapContext using constructor [public org.springframework.test.context.support.DefaultBootstrapContext(java.lang.Class,org.springframework.test.context.CacheAwareContextLoaderDelegate)]
12:25:30.178 [main] DEBUG org.springframework.test.context.BootstrapUtils - Instantiating TestContextBootstrapper for test class [eu.ubitech.sma.dao.GroupTest] from class [org.springframework.boot.test.context.SpringBootTestContextBootstrapper]
12:25:30.178 [main] INFO org.springframework.boot.test.context.SpringBootTestContextBootstrapper - Neither @ContextConfiguration nor @ContextHierarchy found for test class [eu.ubitech.sma.dao.GroupTest], using SpringBootContextLoader
12:25:30.178 [main] DEBUG org.springframework.test.context.support.AbstractContextLoader - Did not detect default resource location for test class [eu.ubitech.sma.dao.GroupTest]: class path resource [eu/ubitech/sma/dao/GroupTest-context.xml] does not exist
12:25:30.178 [main] DEBUG org.springframework.test.context.support.AbstractContextLoader - Did not detect default resource location for test class [eu.ubitech.sma.dao.GroupTest]: class path resource [eu/ubitech/sma/dao/GroupTestContext.groovy] does not exist
12:25:30.179 [main] INFO org.springframework.test.context.support.AbstractContextLoader - Could not detect default resource locations for test class [eu.ubitech.sma.dao.GroupTest]: no resource found for suffixes {-context.xml, Context.groovy}.
12:25:30.182 [main] DEBUG org.springframework.test.context.support.ActiveProfilesUtils - Could not find an 'annotation declaring class' for annotation type [org.springframework.test.context.ActiveProfiles] and class [eu.ubitech.sma.dao.GroupTest]
12:25:30.186 [main] DEBUG org.springframework.boot.test.context.SpringBootTestContextBootstrapper - @TestExecutionListeners is not present for class [eu.ubitech.sma.dao.GroupTest]: using defaults.
12:25:30.188 [main] INFO org.springframework.boot.test.context.SpringBootTestContextBootstrapper - Loaded default TestExecutionListener class names from location [META-INF/spring.factories]: [org.springframework.boot.test.mock.mockito.MockitoTestExecutionListener, org.springframework.boot.test.mock.mockito.ResetMocksTestExecutionListener, org.springframework.boot.test.autoconfigure.restdocs.RestDocsTestExecutionListener, org.springframework.boot.test.autoconfigure.web.client.MockRestServiceServerResetTestExecutionListener, org.springframework.boot.test.autoconfigure.web.servlet.MockMvcPrintOnlyOnFailureTestExecutionListener, org.springframework.boot.test.autoconfigure.web.servlet.WebDriverTestExecutionListener, org.springframework.test.context.web.ServletTestExecutionListener, org.springframework.test.context.support.DirtiesContextBeforeModesTestExecutionListener, org.springframework.test.context.support.DependencyInjectionTestExecutionListener, org.springframework.test.context.support.DirtiesContextTestExecutionListener, org.springframework.test.context.transaction.TransactionalTestExecutionListener, org.springframework.test.context.jdbc.SqlScriptsTestExecutionListener]
12:25:30.191 [main] INFO org.springframework.boot.test.context.SpringBootTestContextBootstrapper - Using TestExecutionListeners: [org.springframework.test.context.web.ServletTestExecutionListener@69a10787, org.springframework.test.context.support.DirtiesContextBeforeModesTestExecutionListener@2d127a61, org.springframework.boot.test.autoconfigure.SpringBootDependencyInjectionTestExecutionListener@2bbaf4f0, org.springframework.test.context.support.DirtiesContextTestExecutionListener@11c20519, org.springframework.test.context.transaction.TransactionalTestExecutionListener@70beb599, org.springframework.test.context.jdbc.SqlScriptsTestExecutionListener@4e41089d, org.springframework.boot.test.mock.mockito.MockitoTestExecutionListener@32a068d1, org.springframework.boot.test.autoconfigure.web.servlet.WebDriverTestExecutionListener@33cb5951, org.springframework.boot.test.autoconfigure.web.servlet.MockMvcPrintOnlyOnFailureTestExecutionListener@365c30cc, org.springframework.boot.test.mock.mockito.ResetMocksTestExecutionListener@701fc37a, org.springframework.boot.test.autoconfigure.restdocs.RestDocsTestExecutionListener@4148db48, org.springframework.boot.test.autoconfigure.web.client.MockRestServiceServerResetTestExecutionListener@282003e1]
12:25:30.191 [main] DEBUG org.springframework.test.annotation.ProfileValueUtils - Retrieved @ProfileValueSourceConfiguration [null] for test class [eu.ubitech.sma.dao.GroupTest]
12:25:30.191 [main] DEBUG org.springframework.test.annotation.ProfileValueUtils - Retrieved ProfileValueSource type [class org.springframework.test.annotation.SystemProfileValueSource] for class [eu.ubitech.sma.dao.GroupTest]
12:25:30.192 [main] DEBUG org.springframework.test.annotation.ProfileValueUtils - Retrieved @ProfileValueSourceConfiguration [null] for test class [eu.ubitech.sma.dao.GroupTest]
12:25:30.192 [main] DEBUG org.springframework.test.annotation.ProfileValueUtils - Retrieved ProfileValueSource type [class org.springframework.test.annotation.SystemProfileValueSource] for class [eu.ubitech.sma.dao.GroupTest]
]]></system-out>
  </testcase>
  <testcase name="groupPostsTest" classname="eu.ubitech.sma.dao.GroupTest" time="0">
    <skipped/>
  </testcase>
</testsuite>